<?xml version="1.0" encoding="UTF-8"?>
<testng-results skipped="0" failed="0" ignored="0" total="1" passed="1">
  <reporter-output>
  </reporter-output>
  <suite name="Suite" duration-ms="71040" started-at="2019-09-12T10:35:05Z" finished-at="2019-09-12T10:36:17Z">
    <groups>
    </groups>
    <test name="Test" duration-ms="71040" started-at="2019-09-12T10:35:05Z" finished-at="2019-09-12T10:36:17Z">
      <class name="com.goibibo.WebApplication.DesktopFireFoxBrowsers.Car_Vertical">
        <test-method status="PASS" signature="f()[pri:0, instance:com.goibibo.WebApplication.DesktopFireFoxBrowsers.Car_Vertical@60f82f98]" name="f" duration-ms="70997" started-at="2019-09-12T10:35:06Z" finished-at="2019-09-12T10:36:17Z">
          <reporter-output>
          </reporter-output>
        </test-method> <!-- f -->
      </class> <!-- com.goibibo.WebApplication.DesktopFireFoxBrowsers.Car_Vertical -->
    </test> <!-- Test -->
  </suite> <!-- Suite -->
</testng-results>
