<?xml version="1.0" encoding="UTF-8"?>
<testng-results skipped="0" failed="0" ignored="0" total="1" passed="1">
  <reporter-output>
  </reporter-output>
  <suite name="Default suite" duration-ms="72818" started-at="2019-09-12T10:15:20Z" finished-at="2019-09-12T10:16:33Z">
    <groups>
    </groups>
    <test name="Default test" duration-ms="72818" started-at="2019-09-12T10:15:20Z" finished-at="2019-09-12T10:16:33Z">
      <class name="com.goibibo.WebApplication.DesktopFireFoxBrowsers.Car_Vertical">
        <test-method status="PASS" signature="f()[pri:0, instance:com.goibibo.WebApplication.DesktopFireFoxBrowsers.Car_Vertical@6f7fd0e6]" name="f" duration-ms="72761" started-at="2019-09-12T10:15:20Z" finished-at="2019-09-12T10:16:33Z">
          <reporter-output>
          </reporter-output>
        </test-method> <!-- f -->
      </class> <!-- com.goibibo.WebApplication.DesktopFireFoxBrowsers.Car_Vertical -->
    </test> <!-- Default test -->
  </suite> <!-- Default suite -->
</testng-results>
